  ConsoleApplication3.cpp
c:\users\kyoun\source\repos\consoleapplication3\consoleapplication3\consoleapplication3.cpp(22): warning C4305: '초기화 중': 'double'에서 'GLfloat'(으)로 잘립니다.
c:\users\kyoun\source\repos\consoleapplication3\consoleapplication3\consoleapplication3.cpp(51): warning C4244: '초기화 중': 'double'에서 'float'(으)로 변환하면서 데이터가 손실될 수 있습니다.
c:\users\kyoun\source\repos\consoleapplication3\consoleapplication3\consoleapplication3.cpp(60): warning C4305: '+=': 'double'에서 'float'(으)로 잘립니다.
c:\users\kyoun\source\repos\consoleapplication3\consoleapplication3\consoleapplication3.cpp(62): warning C4244: '=': 'double'에서 'float'(으)로 변환하면서 데이터가 손실될 수 있습니다.
c:\users\kyoun\source\repos\consoleapplication3\consoleapplication3\consoleapplication3.cpp(63): warning C4244: '=': 'double'에서 'float'(으)로 변환하면서 데이터가 손실될 수 있습니다.
c:\users\kyoun\source\repos\consoleapplication3\consoleapplication3\consoleapplication3.cpp(183): warning C4244: '초기화 중': 'double'에서 'float'(으)로 변환하면서 데이터가 손실될 수 있습니다.
c:\users\kyoun\source\repos\consoleapplication3\consoleapplication3\consoleapplication3.cpp(184): warning C4244: '초기화 중': 'double'에서 'float'(으)로 변환하면서 데이터가 손실될 수 있습니다.
c:\users\kyoun\source\repos\consoleapplication3\consoleapplication3\consoleapplication3.cpp(187): warning C4244: '초기화 중': 'double'에서 'float'(으)로 변환하면서 데이터가 손실될 수 있습니다.
c:\users\kyoun\source\repos\consoleapplication3\consoleapplication3\consoleapplication3.cpp(188): warning C4244: '초기화 중': 'double'에서 'float'(으)로 변환하면서 데이터가 손실될 수 있습니다.
c:\users\kyoun\source\repos\consoleapplication3\consoleapplication3\consoleapplication3.cpp(190): warning C4244: '초기화 중': 'double'에서 'float'(으)로 변환하면서 데이터가 손실될 수 있습니다.
c:\users\kyoun\source\repos\consoleapplication3\consoleapplication3\consoleapplication3.cpp(192): warning C4305: '/=': 'double'에서 'float'(으)로 잘립니다.
c:\users\kyoun\source\repos\consoleapplication3\consoleapplication3\consoleapplication3.cpp(195): warning C4244: '초기화 중': 'double'에서 'float'(으)로 변환하면서 데이터가 손실될 수 있습니다.
c:\users\kyoun\source\repos\consoleapplication3\consoleapplication3\consoleapplication3.cpp(196): warning C4244: '초기화 중': 'double'에서 'float'(으)로 변환하면서 데이터가 손실될 수 있습니다.
c:\users\kyoun\source\repos\consoleapplication3\consoleapplication3\consoleapplication3.cpp(199): warning C4305: '/=': 'double'에서 'float'(으)로 잘립니다.
c:\users\kyoun\source\repos\consoleapplication3\consoleapplication3\consoleapplication3.cpp(202): warning C4244: '인수': 'time_t'에서 'unsigned int'(으)로 변환하면서 데이터가 손실될 수 있습니다.
c:\users\kyoun\source\repos\consoleapplication3\consoleapplication3\consoleapplication3.cpp(204): warning C4244: '초기화 중': 'float'에서 'int'(으)로 변환하면서 데이터가 손실될 수 있습니다.
c:\users\kyoun\source\repos\consoleapplication3\consoleapplication3\consoleapplication3.cpp(214): warning C4244: '인수': 'time_t'에서 'unsigned int'(으)로 변환하면서 데이터가 손실될 수 있습니다.
c:\users\kyoun\source\repos\consoleapplication3\consoleapplication3\consoleapplication3.cpp(215): warning C4244: '초기화 중': 'int'에서 'float'(으)로 변환하면서 데이터가 손실될 수 있습니다.
c:\users\kyoun\source\repos\consoleapplication3\consoleapplication3\consoleapplication3.cpp(217): warning C4244: '초기화 중': 'int'에서 'float'(으)로 변환하면서 데이터가 손실될 수 있습니다.
c:\users\kyoun\source\repos\consoleapplication3\consoleapplication3\consoleapplication3.cpp(223): warning C4244: '초기화 중': 'int'에서 'float'(으)로 변환하면서 데이터가 손실될 수 있습니다.
c:\users\kyoun\source\repos\consoleapplication3\consoleapplication3\consoleapplication3.cpp(224): warning C4244: '초기화 중': 'int'에서 'float'(으)로 변환하면서 데이터가 손실될 수 있습니다.
c:\users\kyoun\source\repos\consoleapplication3\consoleapplication3\consoleapplication3.cpp(241): warning C4305: '인수': 'double'에서 'GLclampf'(으)로 잘립니다.
  ConsoleApplication3.vcxproj -> C:\Users\kyoun\source\repos\ConsoleApplication3\Debug\ConsoleApplication3.exe
