  ConsoleApplication6.cpp
c:\users\kyoun\source\repos\consoleapplication6\consoleapplication6\consoleapplication6.cpp(31): warning C4838: 'double'에서 'float'(으)로의 변환에는 축소 변환이 필요합니다.
c:\users\kyoun\source\repos\consoleapplication6\consoleapplication6\consoleapplication6.cpp(31): warning C4305: '초기화 중': 'double'에서 'float'(으)로 잘립니다.
c:\users\kyoun\source\repos\consoleapplication6\consoleapplication6\consoleapplication6.cpp(121): warning C4305: '인수': 'double'에서 'GLfloat'(으)로 잘립니다.
c:\users\kyoun\source\repos\consoleapplication6\consoleapplication6\consoleapplication6.cpp(123): warning C4305: '인수': 'double'에서 'GLfloat'(으)로 잘립니다.
c:\users\kyoun\source\repos\consoleapplication6\consoleapplication6\consoleapplication6.cpp(124): warning C4305: '인수': 'double'에서 'GLfloat'(으)로 잘립니다.
c:\users\kyoun\source\repos\consoleapplication6\consoleapplication6\consoleapplication6.cpp(125): warning C4305: '인수': 'double'에서 'GLfloat'(으)로 잘립니다.
c:\users\kyoun\source\repos\consoleapplication6\consoleapplication6\consoleapplication6.cpp(126): warning C4305: '인수': 'double'에서 'GLfloat'(으)로 잘립니다.
c:\users\kyoun\source\repos\consoleapplication6\consoleapplication6\consoleapplication6.cpp(134): warning C4305: '인수': 'double'에서 'GLfloat'(으)로 잘립니다.
c:\users\kyoun\source\repos\consoleapplication6\consoleapplication6\consoleapplication6.cpp(138): warning C4305: '인수': 'double'에서 'GLfloat'(으)로 잘립니다.
c:\users\kyoun\source\repos\consoleapplication6\consoleapplication6\consoleapplication6.cpp(139): warning C4305: '인수': 'double'에서 'GLfloat'(으)로 잘립니다.
c:\users\kyoun\source\repos\consoleapplication6\consoleapplication6\consoleapplication6.cpp(140): warning C4305: '인수': 'double'에서 'GLfloat'(으)로 잘립니다.
c:\users\kyoun\source\repos\consoleapplication6\consoleapplication6\consoleapplication6.cpp(141): warning C4305: '인수': 'double'에서 'GLfloat'(으)로 잘립니다.
c:\users\kyoun\source\repos\consoleapplication6\consoleapplication6\consoleapplication6.cpp(145): warning C4305: '인수': 'double'에서 'GLfloat'(으)로 잘립니다.
c:\users\kyoun\source\repos\consoleapplication6\consoleapplication6\consoleapplication6.cpp(146): warning C4305: '인수': 'double'에서 'GLfloat'(으)로 잘립니다.
c:\users\kyoun\source\repos\consoleapplication6\consoleapplication6\consoleapplication6.cpp(147): warning C4305: '인수': 'double'에서 'GLfloat'(으)로 잘립니다.
c:\users\kyoun\source\repos\consoleapplication6\consoleapplication6\consoleapplication6.cpp(148): warning C4305: '인수': 'double'에서 'GLfloat'(으)로 잘립니다.
c:\users\kyoun\source\repos\consoleapplication6\consoleapplication6\consoleapplication6.cpp(152): warning C4305: '인수': 'double'에서 'GLfloat'(으)로 잘립니다.
c:\users\kyoun\source\repos\consoleapplication6\consoleapplication6\consoleapplication6.cpp(153): warning C4305: '인수': 'double'에서 'GLfloat'(으)로 잘립니다.
c:\users\kyoun\source\repos\consoleapplication6\consoleapplication6\consoleapplication6.cpp(154): warning C4305: '인수': 'double'에서 'GLfloat'(으)로 잘립니다.
c:\users\kyoun\source\repos\consoleapplication6\consoleapplication6\consoleapplication6.cpp(155): warning C4305: '인수': 'double'에서 'GLfloat'(으)로 잘립니다.
c:\users\kyoun\source\repos\consoleapplication6\consoleapplication6\consoleapplication6.cpp(159): warning C4305: '인수': 'double'에서 'GLfloat'(으)로 잘립니다.
c:\users\kyoun\source\repos\consoleapplication6\consoleapplication6\consoleapplication6.cpp(160): warning C4305: '인수': 'double'에서 'GLfloat'(으)로 잘립니다.
c:\users\kyoun\source\repos\consoleapplication6\consoleapplication6\consoleapplication6.cpp(161): warning C4305: '인수': 'double'에서 'GLfloat'(으)로 잘립니다.
c:\users\kyoun\source\repos\consoleapplication6\consoleapplication6\consoleapplication6.cpp(162): warning C4305: '인수': 'double'에서 'GLfloat'(으)로 잘립니다.
c:\users\kyoun\source\repos\consoleapplication6\consoleapplication6\consoleapplication6.cpp(166): warning C4305: '인수': 'double'에서 'GLfloat'(으)로 잘립니다.
c:\users\kyoun\source\repos\consoleapplication6\consoleapplication6\consoleapplication6.cpp(167): warning C4305: '인수': 'double'에서 'GLfloat'(으)로 잘립니다.
c:\users\kyoun\source\repos\consoleapplication6\consoleapplication6\consoleapplication6.cpp(168): warning C4305: '인수': 'double'에서 'GLfloat'(으)로 잘립니다.
c:\users\kyoun\source\repos\consoleapplication6\consoleapplication6\consoleapplication6.cpp(169): warning C4305: '인수': 'double'에서 'GLfloat'(으)로 잘립니다.
c:\users\kyoun\source\repos\consoleapplication6\consoleapplication6\consoleapplication6.cpp(173): warning C4305: '인수': 'double'에서 'GLfloat'(으)로 잘립니다.
c:\users\kyoun\source\repos\consoleapplication6\consoleapplication6\consoleapplication6.cpp(174): warning C4305: '인수': 'double'에서 'GLfloat'(으)로 잘립니다.
c:\users\kyoun\source\repos\consoleapplication6\consoleapplication6\consoleapplication6.cpp(175): warning C4305: '인수': 'double'에서 'GLfloat'(으)로 잘립니다.
c:\users\kyoun\source\repos\consoleapplication6\consoleapplication6\consoleapplication6.cpp(176): warning C4305: '인수': 'double'에서 'GLfloat'(으)로 잘립니다.
c:\users\kyoun\source\repos\consoleapplication6\consoleapplication6\consoleapplication6.cpp(183): warning C4305: '인수': 'double'에서 'GLfloat'(으)로 잘립니다.
c:\users\kyoun\source\repos\consoleapplication6\consoleapplication6\consoleapplication6.cpp(196): warning C4305: '인수': 'double'에서 'GLfloat'(으)로 잘립니다.
c:\users\kyoun\source\repos\consoleapplication6\consoleapplication6\consoleapplication6.cpp(198): warning C4305: '인수': 'double'에서 'GLfloat'(으)로 잘립니다.
c:\users\kyoun\source\repos\consoleapplication6\consoleapplication6\consoleapplication6.cpp(199): warning C4305: '인수': 'double'에서 'GLfloat'(으)로 잘립니다.
c:\users\kyoun\source\repos\consoleapplication6\consoleapplication6\consoleapplication6.cpp(200): warning C4305: '인수': 'double'에서 'GLfloat'(으)로 잘립니다.
c:\users\kyoun\source\repos\consoleapplication6\consoleapplication6\consoleapplication6.cpp(201): warning C4305: '인수': 'double'에서 'GLfloat'(으)로 잘립니다.
c:\users\kyoun\source\repos\consoleapplication6\consoleapplication6\consoleapplication6.cpp(206): warning C4305: '인수': 'double'에서 'GLfloat'(으)로 잘립니다.
c:\users\kyoun\source\repos\consoleapplication6\consoleapplication6\consoleapplication6.cpp(207): warning C4305: '인수': 'double'에서 'GLfloat'(으)로 잘립니다.
c:\users\kyoun\source\repos\consoleapplication6\consoleapplication6\consoleapplication6.cpp(208): warning C4305: '인수': 'double'에서 'GLfloat'(으)로 잘립니다.
c:\users\kyoun\source\repos\consoleapplication6\consoleapplication6\consoleapplication6.cpp(209): warning C4305: '인수': 'double'에서 'GLfloat'(으)로 잘립니다.
c:\users\kyoun\source\repos\consoleapplication6\consoleapplication6\consoleapplication6.cpp(214): warning C4305: '인수': 'double'에서 'GLfloat'(으)로 잘립니다.
c:\users\kyoun\source\repos\consoleapplication6\consoleapplication6\consoleapplication6.cpp(215): warning C4305: '인수': 'double'에서 'GLfloat'(으)로 잘립니다.
c:\users\kyoun\source\repos\consoleapplication6\consoleapplication6\consoleapplication6.cpp(216): warning C4305: '인수': 'double'에서 'GLfloat'(으)로 잘립니다.
c:\users\kyoun\source\repos\consoleapplication6\consoleapplication6\consoleapplication6.cpp(217): warning C4305: '인수': 'double'에서 'GLfloat'(으)로 잘립니다.
c:\users\kyoun\source\repos\consoleapplication6\consoleapplication6\consoleapplication6.cpp(222): warning C4305: '인수': 'double'에서 'GLfloat'(으)로 잘립니다.
c:\users\kyoun\source\repos\consoleapplication6\consoleapplication6\consoleapplication6.cpp(223): warning C4305: '인수': 'double'에서 'GLfloat'(으)로 잘립니다.
c:\users\kyoun\source\repos\consoleapplication6\consoleapplication6\consoleapplication6.cpp(224): warning C4305: '인수': 'double'에서 'GLfloat'(으)로 잘립니다.
c:\users\kyoun\source\repos\consoleapplication6\consoleapplication6\consoleapplication6.cpp(225): warning C4305: '인수': 'double'에서 'GLfloat'(으)로 잘립니다.
c:\users\kyoun\source\repos\consoleapplication6\consoleapplication6\consoleapplication6.cpp(231): warning C4305: '인수': 'double'에서 'GLfloat'(으)로 잘립니다.
c:\users\kyoun\source\repos\consoleapplication6\consoleapplication6\consoleapplication6.cpp(232): warning C4305: '인수': 'double'에서 'GLfloat'(으)로 잘립니다.
c:\users\kyoun\source\repos\consoleapplication6\consoleapplication6\consoleapplication6.cpp(233): warning C4305: '인수': 'double'에서 'GLfloat'(으)로 잘립니다.
c:\users\kyoun\source\repos\consoleapplication6\consoleapplication6\consoleapplication6.cpp(234): warning C4305: '인수': 'double'에서 'GLfloat'(으)로 잘립니다.
c:\users\kyoun\source\repos\consoleapplication6\consoleapplication6\consoleapplication6.cpp(241): warning C4244: '초기화 중': 'double'에서 'float'(으)로 변환하면서 데이터가 손실될 수 있습니다.
c:\users\kyoun\source\repos\consoleapplication6\consoleapplication6\consoleapplication6.cpp(295): warning C4305: '인수': 'double'에서 'GLclampf'(으)로 잘립니다.
c:\users\kyoun\source\repos\consoleapplication6\consoleapplication6\consoleapplication6.cpp(357): warning C4305: '-=': 'double'에서 'float'(으)로 잘립니다.
c:\users\kyoun\source\repos\consoleapplication6\consoleapplication6\consoleapplication6.cpp(362): warning C4305: '+=': 'double'에서 'float'(으)로 잘립니다.
c:\users\kyoun\source\repos\consoleapplication6\consoleapplication6\consoleapplication6.cpp(367): warning C4305: '+=': 'double'에서 'float'(으)로 잘립니다.
c:\users\kyoun\source\repos\consoleapplication6\consoleapplication6\consoleapplication6.cpp(370): warning C4305: '-=': 'double'에서 'float'(으)로 잘립니다.
  ConsoleApplication6.vcxproj -> C:\Users\kyoun\source\repos\ConsoleApplication6\Debug\ConsoleApplication6.exe
