  stdafx.cpp
  ConsoleApplication5.cpp
c:\users\kyoun\source\repos\consoleapplication5\consoleapplication5\consoleapplication5.cpp(26): error C2143: 구문 오류: ';'이(가) '*' 앞에 없습니다.
c:\users\kyoun\source\repos\consoleapplication5\consoleapplication5\consoleapplication5.cpp(26): error C4430: 형식 지정자가 없습니다. int로 가정합니다. 참고: C++에서는 기본 int를 지원하지 않습니다.
c:\users\kyoun\source\repos\consoleapplication5\consoleapplication5\consoleapplication5.cpp(29): error C2143: 구문 오류: ';'이(가) '*' 앞에 없습니다.
c:\users\kyoun\source\repos\consoleapplication5\consoleapplication5\consoleapplication5.cpp(29): error C4430: 형식 지정자가 없습니다. int로 가정합니다. 참고: C++에서는 기본 int를 지원하지 않습니다.
c:\users\kyoun\source\repos\consoleapplication5\consoleapplication5\consoleapplication5.cpp(29): error C2086: 'int AUX_RGBImageRec': 재정의
  c:\users\kyoun\source\repos\consoleapplication5\consoleapplication5\consoleapplication5.cpp(26): note: 'AUX_RGBImageRec' 선언을 참조하십시오.
c:\users\kyoun\source\repos\consoleapplication5\consoleapplication5\consoleapplication5.cpp(30): error C4430: 형식 지정자가 없습니다. int로 가정합니다. 참고: C++에서는 기본 int를 지원하지 않습니다.
c:\users\kyoun\source\repos\consoleapplication5\consoleapplication5\consoleapplication5.cpp(30): error C2059: 구문 오류: '{'
c:\users\kyoun\source\repos\consoleapplication5\consoleapplication5\consoleapplication5.cpp(30): error C2143: 구문 오류: ';'이(가) '{' 앞에 없습니다.
c:\users\kyoun\source\repos\consoleapplication5\consoleapplication5\consoleapplication5.cpp(30): error C2447: '{': 함수 헤더가 없습니다. 이전 스타일의 형식 목록입니까?
c:\users\kyoun\source\repos\consoleapplication5\consoleapplication5\consoleapplication5.cpp(59): error C2065: 'TextureImage': 선언되지 않은 식별자입니다.
c:\users\kyoun\source\repos\consoleapplication5\consoleapplication5\consoleapplication5.cpp(61): error C2065: 'TextureImage': 선언되지 않은 식별자입니다.
c:\users\kyoun\source\repos\consoleapplication5\consoleapplication5\consoleapplication5.cpp(67): error C2065: 'TextureImage': 선언되지 않은 식별자입니다.
c:\users\kyoun\source\repos\consoleapplication5\consoleapplication5\consoleapplication5.cpp(68): error C2065: 'TextureImage': 선언되지 않은 식별자입니다.
c:\users\kyoun\source\repos\consoleapplication5\consoleapplication5\consoleapplication5.cpp(78): error C2065: 'TextureImage': 선언되지 않은 식별자입니다.
c:\users\kyoun\source\repos\consoleapplication5\consoleapplication5\consoleapplication5.cpp(78): error C2227: '->sizeX' 왼쪽은 클래스/구조체/공용 구조체/제네릭 형식을 가리켜야 합니다.
c:\users\kyoun\source\repos\consoleapplication5\consoleapplication5\consoleapplication5.cpp(78): error C2227: '->sizeY' 왼쪽은 클래스/구조체/공용 구조체/제네릭 형식을 가리켜야 합니다.
c:\users\kyoun\source\repos\consoleapplication5\consoleapplication5\consoleapplication5.cpp(78): error C2227: '->data' 왼쪽은 클래스/구조체/공용 구조체/제네릭 형식을 가리켜야 합니다.
c:\users\kyoun\source\repos\consoleapplication5\consoleapplication5\consoleapplication5.cpp(78): error C2660: 'glTexImage2D': 함수는 6개의 매개 변수를 사용하지 않습니다.
  c:\program files (x86)\windows kits\10\include\10.0.18362.0\um\gl\gl.h(1458): note: 'glTexImage2D' 선언을 참조하십시오.
c:\users\kyoun\source\repos\consoleapplication5\consoleapplication5\consoleapplication5.cpp(84): error C2065: 'TextureImage': 선언되지 않은 식별자입니다.
c:\users\kyoun\source\repos\consoleapplication5\consoleapplication5\consoleapplication5.cpp(84): error C2227: '->sizeX' 왼쪽은 클래스/구조체/공용 구조체/제네릭 형식을 가리켜야 합니다.
c:\users\kyoun\source\repos\consoleapplication5\consoleapplication5\consoleapplication5.cpp(84): error C2227: '->sizeY' 왼쪽은 클래스/구조체/공용 구조체/제네릭 형식을 가리켜야 합니다.
c:\users\kyoun\source\repos\consoleapplication5\consoleapplication5\consoleapplication5.cpp(84): error C2227: '->data' 왼쪽은 클래스/구조체/공용 구조체/제네릭 형식을 가리켜야 합니다.
c:\users\kyoun\source\repos\consoleapplication5\consoleapplication5\consoleapplication5.cpp(84): error C2660: 'gluBuild2DMipmaps': 함수는 4개의 매개 변수를 사용하지 않습니다.
  c:\program files (x86)\windows kits\10\include\10.0.18362.0\um\gl\glu.h(146): note: 'gluBuild2DMipmaps' 선언을 참조하십시오.
c:\users\kyoun\source\repos\consoleapplication5\consoleapplication5\consoleapplication5.cpp(128): warning C4244: '초기화 중': 'double'에서 'float'(으)로 변환하면서 데이터가 손실될 수 있습니다.
c:\users\kyoun\source\repos\consoleapplication5\consoleapplication5\consoleapplication5.cpp(148): warning C4244: '=': 'double'에서 'float'(으)로 변환하면서 데이터가 손실될 수 있습니다.
c:\users\kyoun\source\repos\consoleapplication5\consoleapplication5\consoleapplication5.cpp(158): warning C4244: '=': 'double'에서 'float'(으)로 변환하면서 데이터가 손실될 수 있습니다.
c:\users\kyoun\source\repos\consoleapplication5\consoleapplication5\consoleapplication5.cpp(165): warning C4244: '=': 'double'에서 'float'(으)로 변환하면서 데이터가 손실될 수 있습니다.
c:\users\kyoun\source\repos\consoleapplication5\consoleapplication5\consoleapplication5.cpp(196): warning C4326: 'main'의 반환 형식이 'int'이어야 하는데 'void'입니다.
c:\users\kyoun\source\repos\consoleapplication5\consoleapplication5\consoleapplication5.cpp(210): fatal error C1070: 'c:\users\kyoun\source\repos\consoleapplication5\consoleapplication5\consoleapplication5.cpp' 파일에서 #if/#endif 쌍이 짝이 맞지 않습니다.
  bmp.cpp
c:\users\kyoun\source\repos\consoleapplication5\consoleapplication5\bmp.cpp(94): fatal error C1010: 미리 컴파일된 헤더를 찾는 동안 예기치 않은 파일의 끝이 나타났습니다. '#include "stdafx.h"'을(를) 소스에 추가하시겠습니까?
  코드를 생성하고 있습니다...
