  HW.cpp
c:\users\kyoun\source\repos\hw\hw\hw.cpp(59): warning C4305: '=': 'double'에서 'float'(으)로 잘립니다.
c:\users\kyoun\source\repos\hw\hw\hw.cpp(65): warning C4305: '+=': 'double'에서 'float'(으)로 잘립니다.
c:\users\kyoun\source\repos\hw\hw\hw.cpp(67): warning C4244: '=': 'double'에서 'float'(으)로 변환하면서 데이터가 손실될 수 있습니다.
c:\users\kyoun\source\repos\hw\hw\hw.cpp(68): warning C4244: '=': 'double'에서 'float'(으)로 변환하면서 데이터가 손실될 수 있습니다.
c:\users\kyoun\source\repos\hw\hw\hw.cpp(76): warning C4305: '인수': 'double'에서 'GLfloat'(으)로 잘립니다.
c:\users\kyoun\source\repos\hw\hw\hw.cpp(101): warning C4305: '인수': 'double'에서 'GLfloat'(으)로 잘립니다.
c:\users\kyoun\source\repos\hw\hw\hw.cpp(102): warning C4305: '인수': 'double'에서 'GLfloat'(으)로 잘립니다.
c:\users\kyoun\source\repos\hw\hw\hw.cpp(103): warning C4305: '인수': 'double'에서 'GLfloat'(으)로 잘립니다.
c:\users\kyoun\source\repos\hw\hw\hw.cpp(111): warning C4305: '인수': 'double'에서 'GLfloat'(으)로 잘립니다.
c:\users\kyoun\source\repos\hw\hw\hw.cpp(118): warning C4305: '인수': 'double'에서 'GLfloat'(으)로 잘립니다.
c:\users\kyoun\source\repos\hw\hw\hw.cpp(120): warning C4305: '인수': 'double'에서 'GLfloat'(으)로 잘립니다.
c:\users\kyoun\source\repos\hw\hw\hw.cpp(121): warning C4305: '인수': 'double'에서 'GLfloat'(으)로 잘립니다.
c:\users\kyoun\source\repos\hw\hw\hw.cpp(122): warning C4305: '인수': 'double'에서 'GLfloat'(으)로 잘립니다.
c:\users\kyoun\source\repos\hw\hw\hw.cpp(128): warning C4305: '인수': 'double'에서 'GLfloat'(으)로 잘립니다.
c:\users\kyoun\source\repos\hw\hw\hw.cpp(136): warning C4305: '인수': 'double'에서 'GLfloat'(으)로 잘립니다.
c:\users\kyoun\source\repos\hw\hw\hw.cpp(137): warning C4305: '인수': 'double'에서 'GLfloat'(으)로 잘립니다.
c:\users\kyoun\source\repos\hw\hw\hw.cpp(138): warning C4305: '인수': 'double'에서 'GLfloat'(으)로 잘립니다.
c:\users\kyoun\source\repos\hw\hw\hw.cpp(139): warning C4305: '인수': 'double'에서 'GLfloat'(으)로 잘립니다.
  HW.vcxproj -> C:\Users\kyoun\source\repos\HW\Debug\HW.exe
